2023-11-27 06:41:38,470 - trainers.trainer - INFO - Log directory: logs_results_vae_rnn\Trial
2023-11-27 06:41:42,345 - trainers.trainer - INFO - the number of trainable parameters: 17872
2023-11-27 06:41:42,347 - trainers.trainer - INFO - Start training the model ...
2023-11-27 06:42:17,349 - trainers.trainer - INFO - ---Epoch.0 Train Negative Overall Log-Loss per event: 4.140010. 
2023-11-27 06:42:17,351 - trainers.trainer - INFO - ---Epoch.0 Val Negative Log-Loss per event: 2.973017; Negative Log-Likelihood per event:0.000000; Cross-Entropy per event: 0.000000; MAPE: 0.000000; CRPS:0.000000; Acc_Top1: 0.000000; Acc_Top3: 0.000000; QQ_dev: 0.000000 
2023-11-27 06:42:17,356 - trainers.trainer - INFO - Saved model at 0
2023-11-27 06:42:17,359 - trainers.trainer - INFO - Negative Log-Loss decrease from inf to 2.97302, saving to logs_results_vae_rnn\Trial\saved_model\epo0.tar
2023-11-27 06:42:51,953 - trainers.trainer - INFO - ---Epoch.1 Train Negative Overall Log-Loss per event: 2.934527. 
2023-11-27 06:42:51,956 - trainers.trainer - INFO - ---Epoch.1 Val Negative Log-Loss per event: 2.614839; Negative Log-Likelihood per event:0.000000; Cross-Entropy per event: 0.000000; MAPE: 0.000000; CRPS:0.000000; Acc_Top1: 0.000000; Acc_Top3: 0.000000; QQ_dev: 0.000000 
2023-11-27 06:42:51,961 - trainers.trainer - INFO - Saved model at 1
2023-11-27 06:42:51,964 - trainers.trainer - INFO - Negative Log-Loss decrease from 2.97302 to 2.61484, saving to logs_results_vae_rnn\Trial\saved_model\epo1.tar
2023-11-27 06:43:29,558 - trainers.trainer - INFO - ---Epoch.2 Train Negative Overall Log-Loss per event: 2.830176. 
2023-11-27 06:43:29,561 - trainers.trainer - INFO - ---Epoch.2 Val Negative Log-Loss per event: 2.579650; Negative Log-Likelihood per event:0.000000; Cross-Entropy per event: 0.000000; MAPE: 0.000000; CRPS:0.000000; Acc_Top1: 0.000000; Acc_Top3: 0.000000; QQ_dev: 0.000000 
2023-11-27 06:43:29,567 - trainers.trainer - INFO - Saved model at 2
2023-11-27 06:43:29,570 - trainers.trainer - INFO - Negative Log-Loss decrease from 2.61484 to 2.57965, saving to logs_results_vae_rnn\Trial\saved_model\epo2.tar
2023-11-27 06:44:06,128 - trainers.trainer - INFO - ---Epoch.3 Train Negative Overall Log-Loss per event: 2.807808. 
2023-11-27 06:44:06,130 - trainers.trainer - INFO - ---Epoch.3 Val Negative Log-Loss per event: 2.559192; Negative Log-Likelihood per event:0.000000; Cross-Entropy per event: 0.000000; MAPE: 0.000000; CRPS:0.000000; Acc_Top1: 0.000000; Acc_Top3: 0.000000; QQ_dev: 0.000000 
2023-11-27 06:44:06,137 - trainers.trainer - INFO - Saved model at 3
2023-11-27 06:44:06,140 - trainers.trainer - INFO - Negative Log-Loss decrease from 2.57965 to 2.55919, saving to logs_results_vae_rnn\Trial\saved_model\epo3.tar
2023-11-27 06:44:42,489 - trainers.trainer - INFO - ---Epoch.4 Train Negative Overall Log-Loss per event: 2.789091. 
2023-11-27 06:44:42,491 - trainers.trainer - INFO - ---Epoch.4 Val Negative Log-Loss per event: 2.552012; Negative Log-Likelihood per event:0.000000; Cross-Entropy per event: 0.000000; MAPE: 0.000000; CRPS:0.000000; Acc_Top1: 0.000000; Acc_Top3: 0.000000; QQ_dev: 0.000000 
2023-11-27 06:44:42,498 - trainers.trainer - INFO - Saved model at 4
2023-11-27 06:44:42,500 - trainers.trainer - INFO - Negative Log-Loss decrease from 2.55919 to 2.55201, saving to logs_results_vae_rnn\Trial\saved_model\epo4.tar
2023-11-27 06:45:17,771 - trainers.trainer - INFO - ---Epoch.5 Train Negative Overall Log-Loss per event: 2.771476. 
2023-11-27 06:45:17,774 - trainers.trainer - INFO - ---Epoch.5 Val Negative Log-Loss per event: 2.536624; Negative Log-Likelihood per event:0.000000; Cross-Entropy per event: 0.000000; MAPE: 0.000000; CRPS:0.000000; Acc_Top1: 0.000000; Acc_Top3: 0.000000; QQ_dev: 0.000000 
2023-11-27 06:45:17,780 - trainers.trainer - INFO - Saved model at 5
2023-11-27 06:45:17,783 - trainers.trainer - INFO - Negative Log-Loss decrease from 2.55201 to 2.53662, saving to logs_results_vae_rnn\Trial\saved_model\epo5.tar
2023-11-27 06:45:53,208 - trainers.trainer - INFO - ---Epoch.6 Train Negative Overall Log-Loss per event: 2.759880. 
2023-11-27 06:45:53,211 - trainers.trainer - INFO - ---Epoch.6 Val Negative Log-Loss per event: 2.521150; Negative Log-Likelihood per event:0.000000; Cross-Entropy per event: 0.000000; MAPE: 0.000000; CRPS:0.000000; Acc_Top1: 0.000000; Acc_Top3: 0.000000; QQ_dev: 0.000000 
2023-11-27 06:45:53,219 - trainers.trainer - INFO - Saved model at 6
2023-11-27 06:45:53,221 - trainers.trainer - INFO - Negative Log-Loss decrease from 2.53662 to 2.52115, saving to logs_results_vae_rnn\Trial\saved_model\epo6.tar
2023-11-27 06:46:28,323 - trainers.trainer - INFO - ---Epoch.7 Train Negative Overall Log-Loss per event: 2.750127. 
2023-11-27 06:46:28,326 - trainers.trainer - INFO - ---Epoch.7 Val Negative Log-Loss per event: 2.512990; Negative Log-Likelihood per event:0.000000; Cross-Entropy per event: 0.000000; MAPE: 0.000000; CRPS:0.000000; Acc_Top1: 0.000000; Acc_Top3: 0.000000; QQ_dev: 0.000000 
2023-11-27 06:46:28,332 - trainers.trainer - INFO - Saved model at 7
2023-11-27 06:46:28,334 - trainers.trainer - INFO - Negative Log-Loss decrease from 2.52115 to 2.51299, saving to logs_results_vae_rnn\Trial\saved_model\epo7.tar
2023-11-27 06:47:03,717 - trainers.trainer - INFO - ---Epoch.8 Train Negative Overall Log-Loss per event: 2.743726. 
2023-11-27 06:47:03,719 - trainers.trainer - INFO - ---Epoch.8 Val Negative Log-Loss per event: 2.505680; Negative Log-Likelihood per event:0.000000; Cross-Entropy per event: 0.000000; MAPE: 0.000000; CRPS:0.000000; Acc_Top1: 0.000000; Acc_Top3: 0.000000; QQ_dev: 0.000000 
2023-11-27 06:47:03,725 - trainers.trainer - INFO - Saved model at 8
2023-11-27 06:47:03,727 - trainers.trainer - INFO - Negative Log-Loss decrease from 2.51299 to 2.50568, saving to logs_results_vae_rnn\Trial\saved_model\epo8.tar
2023-11-27 06:47:38,925 - trainers.trainer - INFO - ---Epoch.9 Train Negative Overall Log-Loss per event: 2.742078. 
2023-11-27 06:47:38,928 - trainers.trainer - INFO - ---Epoch.9 Val Negative Log-Loss per event: 2.505769; Negative Log-Likelihood per event:0.000000; Cross-Entropy per event: 0.000000; MAPE: 0.000000; CRPS:0.000000; Acc_Top1: 0.000000; Acc_Top3: 0.000000; QQ_dev: 0.000000 
2023-11-27 06:47:39,866 - trainers.trainer - INFO - ---Epoch.9 Test Negative Log-Loss per event: 2.455339; Negative Log-Likelihood per event:0.000000; Cross-Entropy per event: 0.000000; MAPE: 0.000000; CRPS:0.000000; Acc_Top1: 0.000000; Acc_Top3: 0.000000; QQ_Dev: 0.000000
2023-11-27 06:48:15,679 - trainers.trainer - INFO - ---Epoch.10 Train Negative Overall Log-Loss per event: 2.739591. 
2023-11-27 06:48:15,682 - trainers.trainer - INFO - ---Epoch.10 Val Negative Log-Loss per event: 2.498813; Negative Log-Likelihood per event:0.000000; Cross-Entropy per event: 0.000000; MAPE: 0.000000; CRPS:0.000000; Acc_Top1: 0.000000; Acc_Top3: 0.000000; QQ_dev: 0.000000 
2023-11-27 06:48:15,689 - trainers.trainer - INFO - Saved model at 10
2023-11-27 06:48:15,691 - trainers.trainer - INFO - Negative Log-Loss decrease from 2.50568 to 2.49881, saving to logs_results_vae_rnn\Trial\saved_model\epo10.tar
2023-11-27 06:48:51,386 - trainers.trainer - INFO - ---Epoch.11 Train Negative Overall Log-Loss per event: 2.733716. 
2023-11-27 06:48:51,388 - trainers.trainer - INFO - ---Epoch.11 Val Negative Log-Loss per event: 2.499691; Negative Log-Likelihood per event:0.000000; Cross-Entropy per event: 0.000000; MAPE: 0.000000; CRPS:0.000000; Acc_Top1: 0.000000; Acc_Top3: 0.000000; QQ_dev: 0.000000 
2023-11-27 06:49:27,186 - trainers.trainer - INFO - ---Epoch.12 Train Negative Overall Log-Loss per event: 2.732131. 
2023-11-27 06:49:27,189 - trainers.trainer - INFO - ---Epoch.12 Val Negative Log-Loss per event: 2.505904; Negative Log-Likelihood per event:0.000000; Cross-Entropy per event: 0.000000; MAPE: 0.000000; CRPS:0.000000; Acc_Top1: 0.000000; Acc_Top3: 0.000000; QQ_dev: 0.000000 
2023-11-27 06:50:01,864 - trainers.trainer - INFO - ---Epoch.13 Train Negative Overall Log-Loss per event: 2.729127. 
2023-11-27 06:50:01,868 - trainers.trainer - INFO - ---Epoch.13 Val Negative Log-Loss per event: 2.495158; Negative Log-Likelihood per event:0.000000; Cross-Entropy per event: 0.000000; MAPE: 0.000000; CRPS:0.000000; Acc_Top1: 0.000000; Acc_Top3: 0.000000; QQ_dev: 0.000000 
2023-11-27 06:50:01,874 - trainers.trainer - INFO - Saved model at 13
2023-11-27 06:50:01,876 - trainers.trainer - INFO - Negative Log-Loss decrease from 2.49881 to 2.49516, saving to logs_results_vae_rnn\Trial\saved_model\epo13.tar
2023-11-27 06:50:37,851 - trainers.trainer - INFO - ---Epoch.14 Train Negative Overall Log-Loss per event: 2.725206. 
2023-11-27 06:50:37,853 - trainers.trainer - INFO - ---Epoch.14 Val Negative Log-Loss per event: 2.488347; Negative Log-Likelihood per event:0.000000; Cross-Entropy per event: 0.000000; MAPE: 0.000000; CRPS:0.000000; Acc_Top1: 0.000000; Acc_Top3: 0.000000; QQ_dev: 0.000000 
2023-11-27 06:50:37,861 - trainers.trainer - INFO - Saved model at 14
2023-11-27 06:50:37,863 - trainers.trainer - INFO - Negative Log-Loss decrease from 2.49516 to 2.48835, saving to logs_results_vae_rnn\Trial\saved_model\epo14.tar
2023-11-27 06:51:13,292 - trainers.trainer - INFO - ---Epoch.15 Train Negative Overall Log-Loss per event: 2.721603. 
2023-11-27 06:51:13,296 - trainers.trainer - INFO - ---Epoch.15 Val Negative Log-Loss per event: 2.491684; Negative Log-Likelihood per event:0.000000; Cross-Entropy per event: 0.000000; MAPE: 0.000000; CRPS:0.000000; Acc_Top1: 0.000000; Acc_Top3: 0.000000; QQ_dev: 0.000000 
2023-11-27 06:51:48,352 - trainers.trainer - INFO - ---Epoch.16 Train Negative Overall Log-Loss per event: 2.720581. 
2023-11-27 06:51:48,355 - trainers.trainer - INFO - ---Epoch.16 Val Negative Log-Loss per event: 2.481737; Negative Log-Likelihood per event:0.000000; Cross-Entropy per event: 0.000000; MAPE: 0.000000; CRPS:0.000000; Acc_Top1: 0.000000; Acc_Top3: 0.000000; QQ_dev: 0.000000 
2023-11-27 06:51:48,360 - trainers.trainer - INFO - Saved model at 16
2023-11-27 06:51:48,362 - trainers.trainer - INFO - Negative Log-Loss decrease from 2.48835 to 2.48174, saving to logs_results_vae_rnn\Trial\saved_model\epo16.tar
2023-11-27 06:52:23,983 - trainers.trainer - INFO - ---Epoch.17 Train Negative Overall Log-Loss per event: 2.717223. 
2023-11-27 06:52:23,985 - trainers.trainer - INFO - ---Epoch.17 Val Negative Log-Loss per event: 2.485343; Negative Log-Likelihood per event:0.000000; Cross-Entropy per event: 0.000000; MAPE: 0.000000; CRPS:0.000000; Acc_Top1: 0.000000; Acc_Top3: 0.000000; QQ_dev: 0.000000 
2023-11-27 06:52:58,630 - trainers.trainer - INFO - ---Epoch.18 Train Negative Overall Log-Loss per event: 2.717376. 
2023-11-27 06:52:58,632 - trainers.trainer - INFO - ---Epoch.18 Val Negative Log-Loss per event: 2.485439; Negative Log-Likelihood per event:0.000000; Cross-Entropy per event: 0.000000; MAPE: 0.000000; CRPS:0.000000; Acc_Top1: 0.000000; Acc_Top3: 0.000000; QQ_dev: 0.000000 
2023-11-27 06:53:33,664 - trainers.trainer - INFO - ---Epoch.19 Train Negative Overall Log-Loss per event: 2.717062. 
2023-11-27 06:53:33,667 - trainers.trainer - INFO - ---Epoch.19 Val Negative Log-Loss per event: 2.495404; Negative Log-Likelihood per event:0.000000; Cross-Entropy per event: 0.000000; MAPE: 0.000000; CRPS:0.000000; Acc_Top1: 0.000000; Acc_Top3: 0.000000; QQ_dev: 0.000000 
2023-11-27 06:53:34,821 - trainers.trainer - INFO - ---Epoch.19 Test Negative Log-Loss per event: 2.435254; Negative Log-Likelihood per event:0.000000; Cross-Entropy per event: 0.000000; MAPE: 0.000000; CRPS:0.000000; Acc_Top1: 0.000000; Acc_Top3: 0.000000; QQ_Dev: 0.000000
2023-11-27 06:54:11,345 - trainers.trainer - INFO - ---Epoch.20 Train Negative Overall Log-Loss per event: 2.709647. 
2023-11-27 06:54:11,347 - trainers.trainer - INFO - ---Epoch.20 Val Negative Log-Loss per event: 2.480337; Negative Log-Likelihood per event:0.000000; Cross-Entropy per event: 0.000000; MAPE: 0.000000; CRPS:0.000000; Acc_Top1: 0.000000; Acc_Top3: 0.000000; QQ_dev: 0.000000 
2023-11-27 06:54:11,355 - trainers.trainer - INFO - Saved model at 20
2023-11-27 06:54:11,358 - trainers.trainer - INFO - Negative Log-Loss decrease from 2.48174 to 2.48034, saving to logs_results_vae_rnn\Trial\saved_model\epo20.tar
2023-11-27 06:54:47,321 - trainers.trainer - INFO - ---Epoch.21 Train Negative Overall Log-Loss per event: 2.708764. 
2023-11-27 06:54:47,324 - trainers.trainer - INFO - ---Epoch.21 Val Negative Log-Loss per event: 2.483966; Negative Log-Likelihood per event:0.000000; Cross-Entropy per event: 0.000000; MAPE: 0.000000; CRPS:0.000000; Acc_Top1: 0.000000; Acc_Top3: 0.000000; QQ_dev: 0.000000 
2023-11-27 06:55:23,464 - trainers.trainer - INFO - ---Epoch.22 Train Negative Overall Log-Loss per event: 2.706330. 
2023-11-27 06:55:23,466 - trainers.trainer - INFO - ---Epoch.22 Val Negative Log-Loss per event: 2.475680; Negative Log-Likelihood per event:0.000000; Cross-Entropy per event: 0.000000; MAPE: 0.000000; CRPS:0.000000; Acc_Top1: 0.000000; Acc_Top3: 0.000000; QQ_dev: 0.000000 
2023-11-27 06:55:23,475 - trainers.trainer - INFO - Saved model at 22
2023-11-27 06:55:23,479 - trainers.trainer - INFO - Negative Log-Loss decrease from 2.48034 to 2.47568, saving to logs_results_vae_rnn\Trial\saved_model\epo22.tar
2023-11-27 06:55:59,041 - trainers.trainer - INFO - ---Epoch.23 Train Negative Overall Log-Loss per event: 2.706954. 
2023-11-27 06:55:59,044 - trainers.trainer - INFO - ---Epoch.23 Val Negative Log-Loss per event: 2.478880; Negative Log-Likelihood per event:0.000000; Cross-Entropy per event: 0.000000; MAPE: 0.000000; CRPS:0.000000; Acc_Top1: 0.000000; Acc_Top3: 0.000000; QQ_dev: 0.000000 
2023-11-27 06:56:34,259 - trainers.trainer - INFO - ---Epoch.24 Train Negative Overall Log-Loss per event: 2.705253. 
2023-11-27 06:56:34,262 - trainers.trainer - INFO - ---Epoch.24 Val Negative Log-Loss per event: 2.474555; Negative Log-Likelihood per event:0.000000; Cross-Entropy per event: 0.000000; MAPE: 0.000000; CRPS:0.000000; Acc_Top1: 0.000000; Acc_Top3: 0.000000; QQ_dev: 0.000000 
2023-11-27 06:56:34,268 - trainers.trainer - INFO - Saved model at 24
2023-11-27 06:56:34,269 - trainers.trainer - INFO - Negative Log-Loss decrease from 2.47568 to 2.47455, saving to logs_results_vae_rnn\Trial\saved_model\epo24.tar
2023-11-27 06:57:09,502 - trainers.trainer - INFO - ---Epoch.25 Train Negative Overall Log-Loss per event: 2.704246. 
2023-11-27 06:57:09,505 - trainers.trainer - INFO - ---Epoch.25 Val Negative Log-Loss per event: 2.476267; Negative Log-Likelihood per event:0.000000; Cross-Entropy per event: 0.000000; MAPE: 0.000000; CRPS:0.000000; Acc_Top1: 0.000000; Acc_Top3: 0.000000; QQ_dev: 0.000000 
2023-11-27 06:57:44,741 - trainers.trainer - INFO - ---Epoch.26 Train Negative Overall Log-Loss per event: 2.703904. 
2023-11-27 06:57:44,744 - trainers.trainer - INFO - ---Epoch.26 Val Negative Log-Loss per event: 2.470904; Negative Log-Likelihood per event:0.000000; Cross-Entropy per event: 0.000000; MAPE: 0.000000; CRPS:0.000000; Acc_Top1: 0.000000; Acc_Top3: 0.000000; QQ_dev: 0.000000 
2023-11-27 06:57:44,750 - trainers.trainer - INFO - Saved model at 26
2023-11-27 06:57:44,752 - trainers.trainer - INFO - Negative Log-Loss decrease from 2.47455 to 2.47090, saving to logs_results_vae_rnn\Trial\saved_model\epo26.tar
2023-11-27 06:58:19,881 - trainers.trainer - INFO - ---Epoch.27 Train Negative Overall Log-Loss per event: 2.704484. 
2023-11-27 06:58:19,884 - trainers.trainer - INFO - ---Epoch.27 Val Negative Log-Loss per event: 2.471637; Negative Log-Likelihood per event:0.000000; Cross-Entropy per event: 0.000000; MAPE: 0.000000; CRPS:0.000000; Acc_Top1: 0.000000; Acc_Top3: 0.000000; QQ_dev: 0.000000 
2023-11-27 06:58:55,307 - trainers.trainer - INFO - ---Epoch.28 Train Negative Overall Log-Loss per event: 2.701356. 
2023-11-27 06:58:55,309 - trainers.trainer - INFO - ---Epoch.28 Val Negative Log-Loss per event: 2.473069; Negative Log-Likelihood per event:0.000000; Cross-Entropy per event: 0.000000; MAPE: 0.000000; CRPS:0.000000; Acc_Top1: 0.000000; Acc_Top3: 0.000000; QQ_dev: 0.000000 
2023-11-27 06:59:30,807 - trainers.trainer - INFO - ---Epoch.29 Train Negative Overall Log-Loss per event: 2.702341. 
2023-11-27 06:59:30,809 - trainers.trainer - INFO - ---Epoch.29 Val Negative Log-Loss per event: 2.470198; Negative Log-Likelihood per event:0.000000; Cross-Entropy per event: 0.000000; MAPE: 0.000000; CRPS:0.000000; Acc_Top1: 0.000000; Acc_Top3: 0.000000; QQ_dev: 0.000000 
2023-11-27 06:59:31,746 - trainers.trainer - INFO - ---Epoch.29 Test Negative Log-Loss per event: 2.422882; Negative Log-Likelihood per event:0.000000; Cross-Entropy per event: 0.000000; MAPE: 0.000000; CRPS:0.000000; Acc_Top1: 0.000000; Acc_Top3: 0.000000; QQ_Dev: 0.000000
2023-11-27 06:59:31,752 - trainers.trainer - INFO - Saved model at 29
2023-11-27 06:59:31,754 - trainers.trainer - INFO - Negative Log-Loss decrease from 2.47090 to 2.47020, saving to logs_results_vae_rnn\Trial\saved_model\epo29.tar
2023-11-27 07:00:07,079 - trainers.trainer - INFO - ---Epoch.30 Train Negative Overall Log-Loss per event: 2.701526. 
2023-11-27 07:00:07,082 - trainers.trainer - INFO - ---Epoch.30 Val Negative Log-Loss per event: 2.471769; Negative Log-Likelihood per event:0.000000; Cross-Entropy per event: 0.000000; MAPE: 0.000000; CRPS:0.000000; Acc_Top1: 0.000000; Acc_Top3: 0.000000; QQ_dev: 0.000000 
2023-11-27 07:00:42,121 - trainers.trainer - INFO - ---Epoch.31 Train Negative Overall Log-Loss per event: 2.699715. 
2023-11-27 07:00:42,124 - trainers.trainer - INFO - ---Epoch.31 Val Negative Log-Loss per event: 2.474904; Negative Log-Likelihood per event:0.000000; Cross-Entropy per event: 0.000000; MAPE: 0.000000; CRPS:0.000000; Acc_Top1: 0.000000; Acc_Top3: 0.000000; QQ_dev: 0.000000 
2023-11-27 07:01:17,603 - trainers.trainer - INFO - ---Epoch.32 Train Negative Overall Log-Loss per event: 2.700434. 
2023-11-27 07:01:17,606 - trainers.trainer - INFO - ---Epoch.32 Val Negative Log-Loss per event: 2.468642; Negative Log-Likelihood per event:0.000000; Cross-Entropy per event: 0.000000; MAPE: 0.000000; CRPS:0.000000; Acc_Top1: 0.000000; Acc_Top3: 0.000000; QQ_dev: 0.000000 
2023-11-27 07:01:17,613 - trainers.trainer - INFO - Saved model at 32
2023-11-27 07:01:17,615 - trainers.trainer - INFO - Negative Log-Loss decrease from 2.47020 to 2.46864, saving to logs_results_vae_rnn\Trial\saved_model\epo32.tar
2023-11-27 07:01:53,168 - trainers.trainer - INFO - ---Epoch.33 Train Negative Overall Log-Loss per event: 2.698900. 
2023-11-27 07:01:53,170 - trainers.trainer - INFO - ---Epoch.33 Val Negative Log-Loss per event: 2.471173; Negative Log-Likelihood per event:0.000000; Cross-Entropy per event: 0.000000; MAPE: 0.000000; CRPS:0.000000; Acc_Top1: 0.000000; Acc_Top3: 0.000000; QQ_dev: 0.000000 
2023-11-27 07:02:28,526 - trainers.trainer - INFO - ---Epoch.34 Train Negative Overall Log-Loss per event: 2.697310. 
2023-11-27 07:02:28,528 - trainers.trainer - INFO - ---Epoch.34 Val Negative Log-Loss per event: 2.479681; Negative Log-Likelihood per event:0.000000; Cross-Entropy per event: 0.000000; MAPE: 0.000000; CRPS:0.000000; Acc_Top1: 0.000000; Acc_Top3: 0.000000; QQ_dev: 0.000000 
2023-11-27 07:03:03,656 - trainers.trainer - INFO - ---Epoch.35 Train Negative Overall Log-Loss per event: 2.698288. 
2023-11-27 07:03:03,659 - trainers.trainer - INFO - ---Epoch.35 Val Negative Log-Loss per event: 2.473236; Negative Log-Likelihood per event:0.000000; Cross-Entropy per event: 0.000000; MAPE: 0.000000; CRPS:0.000000; Acc_Top1: 0.000000; Acc_Top3: 0.000000; QQ_dev: 0.000000 
2023-11-27 07:03:38,965 - trainers.trainer - INFO - ---Epoch.36 Train Negative Overall Log-Loss per event: 2.697083. 
2023-11-27 07:03:38,968 - trainers.trainer - INFO - ---Epoch.36 Val Negative Log-Loss per event: 2.462506; Negative Log-Likelihood per event:0.000000; Cross-Entropy per event: 0.000000; MAPE: 0.000000; CRPS:0.000000; Acc_Top1: 0.000000; Acc_Top3: 0.000000; QQ_dev: 0.000000 
2023-11-27 07:03:38,973 - trainers.trainer - INFO - Saved model at 36
2023-11-27 07:03:38,975 - trainers.trainer - INFO - Negative Log-Loss decrease from 2.46864 to 2.46251, saving to logs_results_vae_rnn\Trial\saved_model\epo36.tar
2023-11-27 07:04:13,936 - trainers.trainer - INFO - ---Epoch.37 Train Negative Overall Log-Loss per event: 2.696269. 
2023-11-27 07:04:13,939 - trainers.trainer - INFO - ---Epoch.37 Val Negative Log-Loss per event: 2.468506; Negative Log-Likelihood per event:0.000000; Cross-Entropy per event: 0.000000; MAPE: 0.000000; CRPS:0.000000; Acc_Top1: 0.000000; Acc_Top3: 0.000000; QQ_dev: 0.000000 
2023-11-27 07:04:49,321 - trainers.trainer - INFO - ---Epoch.38 Train Negative Overall Log-Loss per event: 2.698132. 
2023-11-27 07:04:49,324 - trainers.trainer - INFO - ---Epoch.38 Val Negative Log-Loss per event: 2.466564; Negative Log-Likelihood per event:0.000000; Cross-Entropy per event: 0.000000; MAPE: 0.000000; CRPS:0.000000; Acc_Top1: 0.000000; Acc_Top3: 0.000000; QQ_dev: 0.000000 
2023-11-27 07:05:24,635 - trainers.trainer - INFO - ---Epoch.39 Train Negative Overall Log-Loss per event: 2.695951. 
2023-11-27 07:05:24,637 - trainers.trainer - INFO - ---Epoch.39 Val Negative Log-Loss per event: 2.461493; Negative Log-Likelihood per event:0.000000; Cross-Entropy per event: 0.000000; MAPE: 0.000000; CRPS:0.000000; Acc_Top1: 0.000000; Acc_Top3: 0.000000; QQ_dev: 0.000000 
2023-11-27 07:05:25,576 - trainers.trainer - INFO - ---Epoch.39 Test Negative Log-Loss per event: 2.414635; Negative Log-Likelihood per event:0.000000; Cross-Entropy per event: 0.000000; MAPE: 0.000000; CRPS:0.000000; Acc_Top1: 0.000000; Acc_Top3: 0.000000; QQ_Dev: 0.000000
2023-11-27 07:05:25,583 - trainers.trainer - INFO - Saved model at 39
2023-11-27 07:05:25,585 - trainers.trainer - INFO - Negative Log-Loss decrease from 2.46251 to 2.46149, saving to logs_results_vae_rnn\Trial\saved_model\epo39.tar
2023-11-27 07:06:00,739 - trainers.trainer - INFO - ---Epoch.40 Train Negative Overall Log-Loss per event: 2.693198. 
2023-11-27 07:06:00,742 - trainers.trainer - INFO - ---Epoch.40 Val Negative Log-Loss per event: 2.459816; Negative Log-Likelihood per event:0.000000; Cross-Entropy per event: 0.000000; MAPE: 0.000000; CRPS:0.000000; Acc_Top1: 0.000000; Acc_Top3: 0.000000; QQ_dev: 0.000000 
2023-11-27 07:06:00,749 - trainers.trainer - INFO - Saved model at 40
2023-11-27 07:06:00,751 - trainers.trainer - INFO - Negative Log-Loss decrease from 2.46149 to 2.45982, saving to logs_results_vae_rnn\Trial\saved_model\epo40.tar
2023-11-27 07:06:35,836 - trainers.trainer - INFO - ---Epoch.41 Train Negative Overall Log-Loss per event: 2.691710. 
2023-11-27 07:06:35,839 - trainers.trainer - INFO - ---Epoch.41 Val Negative Log-Loss per event: 2.463433; Negative Log-Likelihood per event:0.000000; Cross-Entropy per event: 0.000000; MAPE: 0.000000; CRPS:0.000000; Acc_Top1: 0.000000; Acc_Top3: 0.000000; QQ_dev: 0.000000 
2023-11-27 07:07:11,381 - trainers.trainer - INFO - ---Epoch.42 Train Negative Overall Log-Loss per event: 2.691928. 
2023-11-27 07:07:11,385 - trainers.trainer - INFO - ---Epoch.42 Val Negative Log-Loss per event: 2.461476; Negative Log-Likelihood per event:0.000000; Cross-Entropy per event: 0.000000; MAPE: 0.000000; CRPS:0.000000; Acc_Top1: 0.000000; Acc_Top3: 0.000000; QQ_dev: 0.000000 
2023-11-27 07:07:46,977 - trainers.trainer - INFO - ---Epoch.43 Train Negative Overall Log-Loss per event: 2.690667. 
2023-11-27 07:07:46,980 - trainers.trainer - INFO - ---Epoch.43 Val Negative Log-Loss per event: 2.461561; Negative Log-Likelihood per event:0.000000; Cross-Entropy per event: 0.000000; MAPE: 0.000000; CRPS:0.000000; Acc_Top1: 0.000000; Acc_Top3: 0.000000; QQ_dev: 0.000000 
2023-11-27 07:08:22,431 - trainers.trainer - INFO - ---Epoch.44 Train Negative Overall Log-Loss per event: 2.692751. 
2023-11-27 07:08:22,434 - trainers.trainer - INFO - ---Epoch.44 Val Negative Log-Loss per event: 2.460716; Negative Log-Likelihood per event:0.000000; Cross-Entropy per event: 0.000000; MAPE: 0.000000; CRPS:0.000000; Acc_Top1: 0.000000; Acc_Top3: 0.000000; QQ_dev: 0.000000 
2023-11-27 07:08:57,680 - trainers.trainer - INFO - ---Epoch.45 Train Negative Overall Log-Loss per event: 2.692376. 
2023-11-27 07:08:57,683 - trainers.trainer - INFO - ---Epoch.45 Val Negative Log-Loss per event: 2.464880; Negative Log-Likelihood per event:0.000000; Cross-Entropy per event: 0.000000; MAPE: 0.000000; CRPS:0.000000; Acc_Top1: 0.000000; Acc_Top3: 0.000000; QQ_dev: 0.000000 
2023-11-27 07:09:33,045 - trainers.trainer - INFO - ---Epoch.46 Train Negative Overall Log-Loss per event: 2.691939. 
2023-11-27 07:09:33,047 - trainers.trainer - INFO - ---Epoch.46 Val Negative Log-Loss per event: 2.461368; Negative Log-Likelihood per event:0.000000; Cross-Entropy per event: 0.000000; MAPE: 0.000000; CRPS:0.000000; Acc_Top1: 0.000000; Acc_Top3: 0.000000; QQ_dev: 0.000000 
2023-11-27 07:10:08,366 - trainers.trainer - INFO - ---Epoch.47 Train Negative Overall Log-Loss per event: 2.692581. 
2023-11-27 07:10:08,368 - trainers.trainer - INFO - ---Epoch.47 Val Negative Log-Loss per event: 2.463054; Negative Log-Likelihood per event:0.000000; Cross-Entropy per event: 0.000000; MAPE: 0.000000; CRPS:0.000000; Acc_Top1: 0.000000; Acc_Top3: 0.000000; QQ_dev: 0.000000 
2023-11-27 07:10:43,909 - trainers.trainer - INFO - ---Epoch.48 Train Negative Overall Log-Loss per event: 2.690451. 
2023-11-27 07:10:43,912 - trainers.trainer - INFO - ---Epoch.48 Val Negative Log-Loss per event: 2.454479; Negative Log-Likelihood per event:0.000000; Cross-Entropy per event: 0.000000; MAPE: 0.000000; CRPS:0.000000; Acc_Top1: 0.000000; Acc_Top3: 0.000000; QQ_dev: 0.000000 
2023-11-27 07:10:43,917 - trainers.trainer - INFO - Saved model at 48
2023-11-27 07:10:43,919 - trainers.trainer - INFO - Negative Log-Loss decrease from 2.45982 to 2.45448, saving to logs_results_vae_rnn\Trial\saved_model\epo48.tar
2023-11-27 07:11:19,295 - trainers.trainer - INFO - ---Epoch.49 Train Negative Overall Log-Loss per event: 2.687339. 
2023-11-27 07:11:19,298 - trainers.trainer - INFO - ---Epoch.49 Val Negative Log-Loss per event: 2.462228; Negative Log-Likelihood per event:0.000000; Cross-Entropy per event: 0.000000; MAPE: 0.000000; CRPS:0.000000; Acc_Top1: 0.000000; Acc_Top3: 0.000000; QQ_dev: 0.000000 
2023-11-27 07:11:20,248 - trainers.trainer - INFO - ---Epoch.49 Test Negative Log-Loss per event: 2.413937; Negative Log-Likelihood per event:0.000000; Cross-Entropy per event: 0.000000; MAPE: 0.000000; CRPS:0.000000; Acc_Top1: 0.000000; Acc_Top3: 0.000000; QQ_Dev: 0.000000
2023-11-27 07:11:55,284 - trainers.trainer - INFO - ---Epoch.50 Train Negative Overall Log-Loss per event: 2.690290. 
2023-11-27 07:11:55,286 - trainers.trainer - INFO - ---Epoch.50 Val Negative Log-Loss per event: 2.462218; Negative Log-Likelihood per event:0.000000; Cross-Entropy per event: 0.000000; MAPE: 0.000000; CRPS:0.000000; Acc_Top1: 0.000000; Acc_Top3: 0.000000; QQ_dev: 0.000000 
2023-11-27 07:12:30,619 - trainers.trainer - INFO - ---Epoch.51 Train Negative Overall Log-Loss per event: 2.690071. 
2023-11-27 07:12:30,622 - trainers.trainer - INFO - ---Epoch.51 Val Negative Log-Loss per event: 2.457843; Negative Log-Likelihood per event:0.000000; Cross-Entropy per event: 0.000000; MAPE: 0.000000; CRPS:0.000000; Acc_Top1: 0.000000; Acc_Top3: 0.000000; QQ_dev: 0.000000 
2023-11-27 07:13:06,097 - trainers.trainer - INFO - ---Epoch.52 Train Negative Overall Log-Loss per event: 2.690011. 
2023-11-27 07:13:06,099 - trainers.trainer - INFO - ---Epoch.52 Val Negative Log-Loss per event: 2.462104; Negative Log-Likelihood per event:0.000000; Cross-Entropy per event: 0.000000; MAPE: 0.000000; CRPS:0.000000; Acc_Top1: 0.000000; Acc_Top3: 0.000000; QQ_dev: 0.000000 
2023-11-27 07:13:41,763 - trainers.trainer - INFO - ---Epoch.53 Train Negative Overall Log-Loss per event: 2.689263. 
2023-11-27 07:13:41,766 - trainers.trainer - INFO - ---Epoch.53 Val Negative Log-Loss per event: 2.453954; Negative Log-Likelihood per event:0.000000; Cross-Entropy per event: 0.000000; MAPE: 0.000000; CRPS:0.000000; Acc_Top1: 0.000000; Acc_Top3: 0.000000; QQ_dev: 0.000000 
2023-11-27 07:13:41,772 - trainers.trainer - INFO - Saved model at 53
2023-11-27 07:13:41,775 - trainers.trainer - INFO - Negative Log-Loss decrease from 2.45448 to 2.45395, saving to logs_results_vae_rnn\Trial\saved_model\epo53.tar
2023-11-27 07:14:17,315 - trainers.trainer - INFO - ---Epoch.54 Train Negative Overall Log-Loss per event: 2.689934. 
2023-11-27 07:14:17,317 - trainers.trainer - INFO - ---Epoch.54 Val Negative Log-Loss per event: 2.454342; Negative Log-Likelihood per event:0.000000; Cross-Entropy per event: 0.000000; MAPE: 0.000000; CRPS:0.000000; Acc_Top1: 0.000000; Acc_Top3: 0.000000; QQ_dev: 0.000000 
2023-11-27 07:14:52,911 - trainers.trainer - INFO - ---Epoch.55 Train Negative Overall Log-Loss per event: 2.690236. 
2023-11-27 07:14:52,914 - trainers.trainer - INFO - ---Epoch.55 Val Negative Log-Loss per event: 2.456621; Negative Log-Likelihood per event:0.000000; Cross-Entropy per event: 0.000000; MAPE: 0.000000; CRPS:0.000000; Acc_Top1: 0.000000; Acc_Top3: 0.000000; QQ_dev: 0.000000 
2023-11-27 07:15:28,188 - trainers.trainer - INFO - ---Epoch.56 Train Negative Overall Log-Loss per event: 2.689690. 
2023-11-27 07:15:28,191 - trainers.trainer - INFO - ---Epoch.56 Val Negative Log-Loss per event: 2.455766; Negative Log-Likelihood per event:0.000000; Cross-Entropy per event: 0.000000; MAPE: 0.000000; CRPS:0.000000; Acc_Top1: 0.000000; Acc_Top3: 0.000000; QQ_dev: 0.000000 
2023-11-27 07:16:03,553 - trainers.trainer - INFO - ---Epoch.57 Train Negative Overall Log-Loss per event: 2.688778. 
2023-11-27 07:16:03,556 - trainers.trainer - INFO - ---Epoch.57 Val Negative Log-Loss per event: 2.462313; Negative Log-Likelihood per event:0.000000; Cross-Entropy per event: 0.000000; MAPE: 0.000000; CRPS:0.000000; Acc_Top1: 0.000000; Acc_Top3: 0.000000; QQ_dev: 0.000000 
2023-11-27 07:16:38,772 - trainers.trainer - INFO - ---Epoch.58 Train Negative Overall Log-Loss per event: 2.689201. 
2023-11-27 07:16:38,774 - trainers.trainer - INFO - ---Epoch.58 Val Negative Log-Loss per event: 2.458376; Negative Log-Likelihood per event:0.000000; Cross-Entropy per event: 0.000000; MAPE: 0.000000; CRPS:0.000000; Acc_Top1: 0.000000; Acc_Top3: 0.000000; QQ_dev: 0.000000 
2023-11-27 07:17:15,012 - trainers.trainer - INFO - ---Epoch.59 Train Negative Overall Log-Loss per event: 2.687308. 
2023-11-27 07:17:15,015 - trainers.trainer - INFO - ---Epoch.59 Val Negative Log-Loss per event: 2.453520; Negative Log-Likelihood per event:0.000000; Cross-Entropy per event: 0.000000; MAPE: 0.000000; CRPS:0.000000; Acc_Top1: 0.000000; Acc_Top3: 0.000000; QQ_dev: 0.000000 
2023-11-27 07:17:15,976 - trainers.trainer - INFO - ---Epoch.59 Test Negative Log-Loss per event: 2.419859; Negative Log-Likelihood per event:0.000000; Cross-Entropy per event: 0.000000; MAPE: 0.000000; CRPS:0.000000; Acc_Top1: 0.000000; Acc_Top3: 0.000000; QQ_Dev: 0.000000
2023-11-27 07:17:15,983 - trainers.trainer - INFO - Saved model at 59
2023-11-27 07:17:15,985 - trainers.trainer - INFO - Negative Log-Loss decrease from 2.45395 to 2.45352, saving to logs_results_vae_rnn\Trial\saved_model\epo59.tar
2023-11-27 07:17:51,665 - trainers.trainer - INFO - ---Epoch.60 Train Negative Overall Log-Loss per event: 2.687106. 
2023-11-27 07:17:51,668 - trainers.trainer - INFO - ---Epoch.60 Val Negative Log-Loss per event: 2.462329; Negative Log-Likelihood per event:0.000000; Cross-Entropy per event: 0.000000; MAPE: 0.000000; CRPS:0.000000; Acc_Top1: 0.000000; Acc_Top3: 0.000000; QQ_dev: 0.000000 
2023-11-27 07:18:27,430 - trainers.trainer - INFO - ---Epoch.61 Train Negative Overall Log-Loss per event: 2.686380. 
2023-11-27 07:18:27,433 - trainers.trainer - INFO - ---Epoch.61 Val Negative Log-Loss per event: 2.459055; Negative Log-Likelihood per event:0.000000; Cross-Entropy per event: 0.000000; MAPE: 0.000000; CRPS:0.000000; Acc_Top1: 0.000000; Acc_Top3: 0.000000; QQ_dev: 0.000000 
2023-11-27 07:19:03,334 - trainers.trainer - INFO - ---Epoch.62 Train Negative Overall Log-Loss per event: 2.687271. 
2023-11-27 07:19:03,338 - trainers.trainer - INFO - ---Epoch.62 Val Negative Log-Loss per event: 2.457231; Negative Log-Likelihood per event:0.000000; Cross-Entropy per event: 0.000000; MAPE: 0.000000; CRPS:0.000000; Acc_Top1: 0.000000; Acc_Top3: 0.000000; QQ_dev: 0.000000 
2023-11-27 07:19:38,487 - trainers.trainer - INFO - ---Epoch.63 Train Negative Overall Log-Loss per event: 2.686460. 
2023-11-27 07:19:38,490 - trainers.trainer - INFO - ---Epoch.63 Val Negative Log-Loss per event: 2.457609; Negative Log-Likelihood per event:0.000000; Cross-Entropy per event: 0.000000; MAPE: 0.000000; CRPS:0.000000; Acc_Top1: 0.000000; Acc_Top3: 0.000000; QQ_dev: 0.000000 
2023-11-27 07:20:14,852 - trainers.trainer - INFO - ---Epoch.64 Train Negative Overall Log-Loss per event: 2.687103. 
2023-11-27 07:20:14,855 - trainers.trainer - INFO - ---Epoch.64 Val Negative Log-Loss per event: 2.458161; Negative Log-Likelihood per event:0.000000; Cross-Entropy per event: 0.000000; MAPE: 0.000000; CRPS:0.000000; Acc_Top1: 0.000000; Acc_Top3: 0.000000; QQ_dev: 0.000000 
2023-11-27 07:20:49,522 - trainers.trainer - INFO - ---Epoch.65 Train Negative Overall Log-Loss per event: 2.685093. 
2023-11-27 07:20:49,524 - trainers.trainer - INFO - ---Epoch.65 Val Negative Log-Loss per event: 2.452833; Negative Log-Likelihood per event:0.000000; Cross-Entropy per event: 0.000000; MAPE: 0.000000; CRPS:0.000000; Acc_Top1: 0.000000; Acc_Top3: 0.000000; QQ_dev: 0.000000 
2023-11-27 07:20:49,530 - trainers.trainer - INFO - Saved model at 65
2023-11-27 07:20:49,531 - trainers.trainer - INFO - Negative Log-Loss decrease from 2.45352 to 2.45283, saving to logs_results_vae_rnn\Trial\saved_model\epo65.tar
2023-11-27 07:21:24,095 - trainers.trainer - INFO - ---Epoch.66 Train Negative Overall Log-Loss per event: 2.684015. 
2023-11-27 07:21:24,097 - trainers.trainer - INFO - ---Epoch.66 Val Negative Log-Loss per event: 2.458380; Negative Log-Likelihood per event:0.000000; Cross-Entropy per event: 0.000000; MAPE: 0.000000; CRPS:0.000000; Acc_Top1: 0.000000; Acc_Top3: 0.000000; QQ_dev: 0.000000 
2023-11-27 07:21:59,555 - trainers.trainer - INFO - ---Epoch.67 Train Negative Overall Log-Loss per event: 2.682783. 
2023-11-27 07:21:59,558 - trainers.trainer - INFO - ---Epoch.67 Val Negative Log-Loss per event: 2.453348; Negative Log-Likelihood per event:0.000000; Cross-Entropy per event: 0.000000; MAPE: 0.000000; CRPS:0.000000; Acc_Top1: 0.000000; Acc_Top3: 0.000000; QQ_dev: 0.000000 
2023-11-27 07:22:36,024 - trainers.trainer - INFO - ---Epoch.68 Train Negative Overall Log-Loss per event: 2.685378. 
2023-11-27 07:22:36,027 - trainers.trainer - INFO - ---Epoch.68 Val Negative Log-Loss per event: 2.461014; Negative Log-Likelihood per event:0.000000; Cross-Entropy per event: 0.000000; MAPE: 0.000000; CRPS:0.000000; Acc_Top1: 0.000000; Acc_Top3: 0.000000; QQ_dev: 0.000000 
2023-11-27 07:23:11,652 - trainers.trainer - INFO - ---Epoch.69 Train Negative Overall Log-Loss per event: 2.684653. 
2023-11-27 07:23:11,655 - trainers.trainer - INFO - ---Epoch.69 Val Negative Log-Loss per event: 2.457508; Negative Log-Likelihood per event:0.000000; Cross-Entropy per event: 0.000000; MAPE: 0.000000; CRPS:0.000000; Acc_Top1: 0.000000; Acc_Top3: 0.000000; QQ_dev: 0.000000 
2023-11-27 07:23:12,622 - trainers.trainer - INFO - ---Epoch.69 Test Negative Log-Loss per event: 2.412480; Negative Log-Likelihood per event:0.000000; Cross-Entropy per event: 0.000000; MAPE: 0.000000; CRPS:0.000000; Acc_Top1: 0.000000; Acc_Top3: 0.000000; QQ_Dev: 0.000000
2023-11-27 07:23:48,109 - trainers.trainer - INFO - ---Epoch.70 Train Negative Overall Log-Loss per event: 2.683403. 
2023-11-27 07:23:48,111 - trainers.trainer - INFO - ---Epoch.70 Val Negative Log-Loss per event: 2.453599; Negative Log-Likelihood per event:0.000000; Cross-Entropy per event: 0.000000; MAPE: 0.000000; CRPS:0.000000; Acc_Top1: 0.000000; Acc_Top3: 0.000000; QQ_dev: 0.000000 
2023-11-27 07:24:23,536 - trainers.trainer - INFO - ---Epoch.71 Train Negative Overall Log-Loss per event: 2.682684. 
2023-11-27 07:24:23,539 - trainers.trainer - INFO - ---Epoch.71 Val Negative Log-Loss per event: 2.459322; Negative Log-Likelihood per event:0.000000; Cross-Entropy per event: 0.000000; MAPE: 0.000000; CRPS:0.000000; Acc_Top1: 0.000000; Acc_Top3: 0.000000; QQ_dev: 0.000000 
2023-11-27 07:24:59,003 - trainers.trainer - INFO - ---Epoch.72 Train Negative Overall Log-Loss per event: 2.685466. 
2023-11-27 07:24:59,005 - trainers.trainer - INFO - ---Epoch.72 Val Negative Log-Loss per event: 2.456108; Negative Log-Likelihood per event:0.000000; Cross-Entropy per event: 0.000000; MAPE: 0.000000; CRPS:0.000000; Acc_Top1: 0.000000; Acc_Top3: 0.000000; QQ_dev: 0.000000 
2023-11-27 07:25:35,309 - trainers.trainer - INFO - ---Epoch.73 Train Negative Overall Log-Loss per event: 2.684829. 
2023-11-27 07:25:35,312 - trainers.trainer - INFO - ---Epoch.73 Val Negative Log-Loss per event: 2.454840; Negative Log-Likelihood per event:0.000000; Cross-Entropy per event: 0.000000; MAPE: 0.000000; CRPS:0.000000; Acc_Top1: 0.000000; Acc_Top3: 0.000000; QQ_dev: 0.000000 
2023-11-27 07:26:12,381 - trainers.trainer - INFO - ---Epoch.74 Train Negative Overall Log-Loss per event: 2.684983. 
2023-11-27 07:26:12,384 - trainers.trainer - INFO - ---Epoch.74 Val Negative Log-Loss per event: 2.461409; Negative Log-Likelihood per event:0.000000; Cross-Entropy per event: 0.000000; MAPE: 0.000000; CRPS:0.000000; Acc_Top1: 0.000000; Acc_Top3: 0.000000; QQ_dev: 0.000000 
2023-11-27 07:26:48,490 - trainers.trainer - INFO - ---Epoch.75 Train Negative Overall Log-Loss per event: 2.684337. 
2023-11-27 07:26:48,493 - trainers.trainer - INFO - ---Epoch.75 Val Negative Log-Loss per event: 2.452043; Negative Log-Likelihood per event:0.000000; Cross-Entropy per event: 0.000000; MAPE: 0.000000; CRPS:0.000000; Acc_Top1: 0.000000; Acc_Top3: 0.000000; QQ_dev: 0.000000 
2023-11-27 07:26:48,499 - trainers.trainer - INFO - Saved model at 75
2023-11-27 07:26:48,501 - trainers.trainer - INFO - Negative Log-Loss decrease from 2.45283 to 2.45204, saving to logs_results_vae_rnn\Trial\saved_model\epo75.tar
2023-11-27 07:27:24,319 - trainers.trainer - INFO - ---Epoch.76 Train Negative Overall Log-Loss per event: 2.683366. 
2023-11-27 07:27:24,322 - trainers.trainer - INFO - ---Epoch.76 Val Negative Log-Loss per event: 2.461516; Negative Log-Likelihood per event:0.000000; Cross-Entropy per event: 0.000000; MAPE: 0.000000; CRPS:0.000000; Acc_Top1: 0.000000; Acc_Top3: 0.000000; QQ_dev: 0.000000 
2023-11-27 07:27:59,964 - trainers.trainer - INFO - ---Epoch.77 Train Negative Overall Log-Loss per event: 2.685563. 
2023-11-27 07:27:59,966 - trainers.trainer - INFO - ---Epoch.77 Val Negative Log-Loss per event: 2.453066; Negative Log-Likelihood per event:0.000000; Cross-Entropy per event: 0.000000; MAPE: 0.000000; CRPS:0.000000; Acc_Top1: 0.000000; Acc_Top3: 0.000000; QQ_dev: 0.000000 
2023-11-27 07:28:35,649 - trainers.trainer - INFO - ---Epoch.78 Train Negative Overall Log-Loss per event: 2.682267. 
2023-11-27 07:28:35,651 - trainers.trainer - INFO - ---Epoch.78 Val Negative Log-Loss per event: 2.450927; Negative Log-Likelihood per event:0.000000; Cross-Entropy per event: 0.000000; MAPE: 0.000000; CRPS:0.000000; Acc_Top1: 0.000000; Acc_Top3: 0.000000; QQ_dev: 0.000000 
2023-11-27 07:28:35,657 - trainers.trainer - INFO - Saved model at 78
2023-11-27 07:28:35,659 - trainers.trainer - INFO - Negative Log-Loss decrease from 2.45204 to 2.45093, saving to logs_results_vae_rnn\Trial\saved_model\epo78.tar
2023-11-27 07:29:10,658 - trainers.trainer - INFO - ---Epoch.79 Train Negative Overall Log-Loss per event: 2.684107. 
2023-11-27 07:29:10,662 - trainers.trainer - INFO - ---Epoch.79 Val Negative Log-Loss per event: 2.456798; Negative Log-Likelihood per event:0.000000; Cross-Entropy per event: 0.000000; MAPE: 0.000000; CRPS:0.000000; Acc_Top1: 0.000000; Acc_Top3: 0.000000; QQ_dev: 0.000000 
2023-11-27 07:29:11,573 - trainers.trainer - INFO - ---Epoch.79 Test Negative Log-Loss per event: 2.406133; Negative Log-Likelihood per event:0.000000; Cross-Entropy per event: 0.000000; MAPE: 0.000000; CRPS:0.000000; Acc_Top1: 0.000000; Acc_Top3: 0.000000; QQ_Dev: 0.000000
2023-11-27 07:29:46,707 - trainers.trainer - INFO - ---Epoch.80 Train Negative Overall Log-Loss per event: 2.683984. 
2023-11-27 07:29:46,709 - trainers.trainer - INFO - ---Epoch.80 Val Negative Log-Loss per event: 2.457743; Negative Log-Likelihood per event:0.000000; Cross-Entropy per event: 0.000000; MAPE: 0.000000; CRPS:0.000000; Acc_Top1: 0.000000; Acc_Top3: 0.000000; QQ_dev: 0.000000 
2023-11-27 07:30:21,896 - trainers.trainer - INFO - ---Epoch.81 Train Negative Overall Log-Loss per event: 2.681860. 
2023-11-27 07:30:21,899 - trainers.trainer - INFO - ---Epoch.81 Val Negative Log-Loss per event: 2.457633; Negative Log-Likelihood per event:0.000000; Cross-Entropy per event: 0.000000; MAPE: 0.000000; CRPS:0.000000; Acc_Top1: 0.000000; Acc_Top3: 0.000000; QQ_dev: 0.000000 
2023-11-27 07:30:57,071 - trainers.trainer - INFO - ---Epoch.82 Train Negative Overall Log-Loss per event: 2.681434. 
2023-11-27 07:30:57,073 - trainers.trainer - INFO - ---Epoch.82 Val Negative Log-Loss per event: 2.456599; Negative Log-Likelihood per event:0.000000; Cross-Entropy per event: 0.000000; MAPE: 0.000000; CRPS:0.000000; Acc_Top1: 0.000000; Acc_Top3: 0.000000; QQ_dev: 0.000000 
2023-11-27 07:31:32,104 - trainers.trainer - INFO - ---Epoch.83 Train Negative Overall Log-Loss per event: 2.681369. 
2023-11-27 07:31:32,106 - trainers.trainer - INFO - ---Epoch.83 Val Negative Log-Loss per event: 2.454631; Negative Log-Likelihood per event:0.000000; Cross-Entropy per event: 0.000000; MAPE: 0.000000; CRPS:0.000000; Acc_Top1: 0.000000; Acc_Top3: 0.000000; QQ_dev: 0.000000 
2023-11-27 07:32:07,591 - trainers.trainer - INFO - ---Epoch.84 Train Negative Overall Log-Loss per event: 2.682894. 
2023-11-27 07:32:07,593 - trainers.trainer - INFO - ---Epoch.84 Val Negative Log-Loss per event: 2.452075; Negative Log-Likelihood per event:0.000000; Cross-Entropy per event: 0.000000; MAPE: 0.000000; CRPS:0.000000; Acc_Top1: 0.000000; Acc_Top3: 0.000000; QQ_dev: 0.000000 
2023-11-27 07:32:42,733 - trainers.trainer - INFO - ---Epoch.85 Train Negative Overall Log-Loss per event: 2.681505. 
2023-11-27 07:32:42,735 - trainers.trainer - INFO - ---Epoch.85 Val Negative Log-Loss per event: 2.457005; Negative Log-Likelihood per event:0.000000; Cross-Entropy per event: 0.000000; MAPE: 0.000000; CRPS:0.000000; Acc_Top1: 0.000000; Acc_Top3: 0.000000; QQ_dev: 0.000000 
2023-11-27 07:33:17,932 - trainers.trainer - INFO - ---Epoch.86 Train Negative Overall Log-Loss per event: 2.681994. 
2023-11-27 07:33:17,935 - trainers.trainer - INFO - ---Epoch.86 Val Negative Log-Loss per event: 2.455354; Negative Log-Likelihood per event:0.000000; Cross-Entropy per event: 0.000000; MAPE: 0.000000; CRPS:0.000000; Acc_Top1: 0.000000; Acc_Top3: 0.000000; QQ_dev: 0.000000 
2023-11-27 07:33:53,158 - trainers.trainer - INFO - ---Epoch.87 Train Negative Overall Log-Loss per event: 2.681622. 
2023-11-27 07:33:53,160 - trainers.trainer - INFO - ---Epoch.87 Val Negative Log-Loss per event: 2.452675; Negative Log-Likelihood per event:0.000000; Cross-Entropy per event: 0.000000; MAPE: 0.000000; CRPS:0.000000; Acc_Top1: 0.000000; Acc_Top3: 0.000000; QQ_dev: 0.000000 
2023-11-27 07:34:28,331 - trainers.trainer - INFO - ---Epoch.88 Train Negative Overall Log-Loss per event: 2.680814. 
2023-11-27 07:34:28,333 - trainers.trainer - INFO - ---Epoch.88 Val Negative Log-Loss per event: 2.453553; Negative Log-Likelihood per event:0.000000; Cross-Entropy per event: 0.000000; MAPE: 0.000000; CRPS:0.000000; Acc_Top1: 0.000000; Acc_Top3: 0.000000; QQ_dev: 0.000000 
2023-11-27 07:35:03,065 - trainers.trainer - INFO - ---Epoch.89 Train Negative Overall Log-Loss per event: 2.682695. 
2023-11-27 07:35:03,068 - trainers.trainer - INFO - ---Epoch.89 Val Negative Log-Loss per event: 2.452840; Negative Log-Likelihood per event:0.000000; Cross-Entropy per event: 0.000000; MAPE: 0.000000; CRPS:0.000000; Acc_Top1: 0.000000; Acc_Top3: 0.000000; QQ_dev: 0.000000 
2023-11-27 07:35:04,019 - trainers.trainer - INFO - ---Epoch.89 Test Negative Log-Loss per event: 2.404557; Negative Log-Likelihood per event:0.000000; Cross-Entropy per event: 0.000000; MAPE: 0.000000; CRPS:0.000000; Acc_Top1: 0.000000; Acc_Top3: 0.000000; QQ_Dev: 0.000000
2023-11-27 07:35:38,945 - trainers.trainer - INFO - ---Epoch.90 Train Negative Overall Log-Loss per event: 2.681925. 
2023-11-27 07:35:38,948 - trainers.trainer - INFO - ---Epoch.90 Val Negative Log-Loss per event: 2.456448; Negative Log-Likelihood per event:0.000000; Cross-Entropy per event: 0.000000; MAPE: 0.000000; CRPS:0.000000; Acc_Top1: 0.000000; Acc_Top3: 0.000000; QQ_dev: 0.000000 
2023-11-27 07:36:13,998 - trainers.trainer - INFO - ---Epoch.91 Train Negative Overall Log-Loss per event: 2.682480. 
2023-11-27 07:36:14,000 - trainers.trainer - INFO - ---Epoch.91 Val Negative Log-Loss per event: 2.457391; Negative Log-Likelihood per event:0.000000; Cross-Entropy per event: 0.000000; MAPE: 0.000000; CRPS:0.000000; Acc_Top1: 0.000000; Acc_Top3: 0.000000; QQ_dev: 0.000000 
2023-11-27 07:36:48,917 - trainers.trainer - INFO - ---Epoch.92 Train Negative Overall Log-Loss per event: 2.683401. 
2023-11-27 07:36:48,920 - trainers.trainer - INFO - ---Epoch.92 Val Negative Log-Loss per event: 2.459363; Negative Log-Likelihood per event:0.000000; Cross-Entropy per event: 0.000000; MAPE: 0.000000; CRPS:0.000000; Acc_Top1: 0.000000; Acc_Top3: 0.000000; QQ_dev: 0.000000 
2023-11-27 07:37:24,670 - trainers.trainer - INFO - ---Epoch.93 Train Negative Overall Log-Loss per event: 2.682776. 
2023-11-27 07:37:24,673 - trainers.trainer - INFO - ---Epoch.93 Val Negative Log-Loss per event: 2.453102; Negative Log-Likelihood per event:0.000000; Cross-Entropy per event: 0.000000; MAPE: 0.000000; CRPS:0.000000; Acc_Top1: 0.000000; Acc_Top3: 0.000000; QQ_dev: 0.000000 
2023-11-27 07:37:59,836 - trainers.trainer - INFO - ---Epoch.94 Train Negative Overall Log-Loss per event: 2.681837. 
2023-11-27 07:37:59,839 - trainers.trainer - INFO - ---Epoch.94 Val Negative Log-Loss per event: 2.457490; Negative Log-Likelihood per event:0.000000; Cross-Entropy per event: 0.000000; MAPE: 0.000000; CRPS:0.000000; Acc_Top1: 0.000000; Acc_Top3: 0.000000; QQ_dev: 0.000000 
2023-11-27 07:38:35,165 - trainers.trainer - INFO - ---Epoch.95 Train Negative Overall Log-Loss per event: 2.681654. 
2023-11-27 07:38:35,169 - trainers.trainer - INFO - ---Epoch.95 Val Negative Log-Loss per event: 2.459921; Negative Log-Likelihood per event:0.000000; Cross-Entropy per event: 0.000000; MAPE: 0.000000; CRPS:0.000000; Acc_Top1: 0.000000; Acc_Top3: 0.000000; QQ_dev: 0.000000 
2023-11-27 07:39:10,221 - trainers.trainer - INFO - ---Epoch.96 Train Negative Overall Log-Loss per event: 2.681264. 
2023-11-27 07:39:10,224 - trainers.trainer - INFO - ---Epoch.96 Val Negative Log-Loss per event: 2.454737; Negative Log-Likelihood per event:0.000000; Cross-Entropy per event: 0.000000; MAPE: 0.000000; CRPS:0.000000; Acc_Top1: 0.000000; Acc_Top3: 0.000000; QQ_dev: 0.000000 
2023-11-27 07:39:45,520 - trainers.trainer - INFO - ---Epoch.97 Train Negative Overall Log-Loss per event: 2.679548. 
2023-11-27 07:39:45,524 - trainers.trainer - INFO - ---Epoch.97 Val Negative Log-Loss per event: 2.446191; Negative Log-Likelihood per event:0.000000; Cross-Entropy per event: 0.000000; MAPE: 0.000000; CRPS:0.000000; Acc_Top1: 0.000000; Acc_Top3: 0.000000; QQ_dev: 0.000000 
2023-11-27 07:39:45,530 - trainers.trainer - INFO - Saved model at 97
2023-11-27 07:39:45,532 - trainers.trainer - INFO - Negative Log-Loss decrease from 2.45093 to 2.44619, saving to logs_results_vae_rnn\Trial\saved_model\epo97.tar
2023-11-27 07:40:20,842 - trainers.trainer - INFO - ---Epoch.98 Train Negative Overall Log-Loss per event: 2.679993. 
2023-11-27 07:40:20,845 - trainers.trainer - INFO - ---Epoch.98 Val Negative Log-Loss per event: 2.454044; Negative Log-Likelihood per event:0.000000; Cross-Entropy per event: 0.000000; MAPE: 0.000000; CRPS:0.000000; Acc_Top1: 0.000000; Acc_Top3: 0.000000; QQ_dev: 0.000000 
2023-11-27 07:40:56,070 - trainers.trainer - INFO - ---Epoch.99 Train Negative Overall Log-Loss per event: 2.680659. 
2023-11-27 07:40:56,072 - trainers.trainer - INFO - ---Epoch.99 Val Negative Log-Loss per event: 2.457676; Negative Log-Likelihood per event:0.000000; Cross-Entropy per event: 0.000000; MAPE: 0.000000; CRPS:0.000000; Acc_Top1: 0.000000; Acc_Top3: 0.000000; QQ_dev: 0.000000 
2023-11-27 07:40:57,035 - trainers.trainer - INFO - ---Epoch.99 Test Negative Log-Loss per event: 2.406970; Negative Log-Likelihood per event:0.000000; Cross-Entropy per event: 0.000000; MAPE: 0.000000; CRPS:0.000000; Acc_Top1: 0.000000; Acc_Top3: 0.000000; QQ_Dev: 0.000000
2023-11-27 07:59:43,865 - trainers.trainer - INFO - Loaded model at 97
2023-11-27 07:59:59,978 - trainers.trainer - INFO - ---Epoch.97 Test Negative Log-Loss per event: 2.403253; Negative Log-Likelihood per event:0.000000; Cross-Entropy per event: 1.291110; MAPE: 6.057017; CRPS:0.374897; Acc_Top1: 0.531700; Acc_Top3: 0.861578; QQ_Dev: 1.629908
2023-11-27 07:59:59,981 - trainers.trainer - INFO - Mean Negative_likelihood on test: 2.403252601623535, Variance: 0.0
2023-11-27 08:01:04,050 - trainers.trainer - INFO - Loaded model at 75
2023-11-27 08:01:20,833 - trainers.trainer - INFO - ---Epoch.75 Test Negative Log-Loss per event: 2.401726; Negative Log-Likelihood per event:0.000000; Cross-Entropy per event: 1.291573; MAPE: 6.053771; CRPS:0.374796; Acc_Top1: 0.532225; Acc_Top3: 0.860907; QQ_Dev: 1.628661
2023-11-27 08:01:20,838 - trainers.trainer - INFO - Loaded model at 78
2023-11-27 08:01:37,115 - trainers.trainer - INFO - ---Epoch.78 Test Negative Log-Loss per event: 2.413201; Negative Log-Likelihood per event:0.000000; Cross-Entropy per event: 1.292157; MAPE: 6.115654; CRPS:0.375352; Acc_Top1: 0.531859; Acc_Top3: 0.861224; QQ_Dev: 1.633804
2023-11-27 08:01:37,120 - trainers.trainer - INFO - Loaded model at 97
2023-11-27 08:01:53,542 - trainers.trainer - INFO - ---Epoch.97 Test Negative Log-Loss per event: 2.404860; Negative Log-Likelihood per event:0.000000; Cross-Entropy per event: 1.291110; MAPE: 6.058961; CRPS:0.375071; Acc_Top1: 0.531700; Acc_Top3: 0.861578; QQ_Dev: 1.629802
2023-11-27 08:01:53,545 - trainers.trainer - INFO - Mean Negative_likelihood on test: 2.406595786412557, Variance: 2.34499745425233e-05
